2020-10-08T15:52:16-0400 [INFO    ] dandi Traversing remote dandisets (000041) recursively
2020-10-08T15:52:16-0400 [INFO    ] backups2datalad.py Updating metadata file
2020-10-08T15:52:18-0400 [INFO    ] backups2datalad.py Syncing asset /sub-Bogey/sub-Bogey_ses-Bogey-012615_ecephys.nwb
2020-10-08T15:52:18-0400 [INFO    ] backups2datalad.py Asset not in dataset; will copy
2020-10-08T15:52:18-0400 [INFO    ] backups2datalad.py cp /mnt/backup/dandi/dandiarchive-s3-backup/girder-assetstore/1d/c5/1dc5e5f715554951b8a9d9c701461dc5 -> /mnt/backup/dandi/dandiarchive-replica/000041/sub-Bogey/sub-Bogey_ses-Bogey-012615_ecephys.nwb
2020-10-08T15:52:18-0400 [INFO    ] backups2datalad.py Adding asset to dataset
2020-10-08T15:53:21-0400 [INFO    ] backups2datalad.py Adding URL https://dandiarchive.s3.amazonaws.com/girder-assetstore/1d/c5/1dc5e5f715554951b8a9d9c701461dc5?versionId=kG.zLHxOFnL6hSSF3anjQey2gVvDCQDu to asset
2020-10-08T15:53:21-0400 [INFO    ] backups2datalad.py Syncing asset /sub-BWRat17/sub-BWRat17_ses-BWRat17-121712_ecephys.nwb
2020-10-08T15:53:21-0400 [INFO    ] backups2datalad.py Asset not in dataset; will copy
2020-10-08T15:53:21-0400 [INFO    ] backups2datalad.py Asset not found in assetstore; downloading from https://dandiarchive.s3.amazonaws.com/girder-assetstore/b5/53/b5535aefd4c944c4b271f6dbc8381eb7?versionId=zPwqPGeTbqFV30KRWc5IAwk1ruTwpU2K
2020-10-08T15:53:21-0400 [INFO    ] datalad.downloaders Downloading 'https://dandiarchive.s3.amazonaws.com/girder-assetstore/b5/53/b5535aefd4c944c4b271f6dbc8381eb7?versionId=zPwqPGeTbqFV30KRWc5IAwk1ruTwpU2K' into '/mnt/backup/dandi/dandiarchive-replica/000041/sub-BWRat17/sub-BWRat17_ses-BWRat17-121712_ecephys.nwb'
2020-10-08T15:53:52-0400 [INFO    ] backups2datalad.py Syncing asset /sub-BWRat17/sub-BWRat17_ses-BWRat17-121912_ecephys.nwb
2020-10-08T15:53:52-0400 [INFO    ] backups2datalad.py Asset not in dataset; will copy
2020-10-08T15:53:52-0400 [INFO    ] backups2datalad.py Asset not found in assetstore; downloading from https://dandiarchive.s3.amazonaws.com/girder-assetstore/26/10/261083b887254cd2955fb3b7fa81a127?versionId=bbTh4ueZGEIV_0RpOOKlqSQjwfN1_8Kl
2020-10-08T15:53:52-0400 [INFO    ] datalad.downloaders Downloading 'https://dandiarchive.s3.amazonaws.com/girder-assetstore/26/10/261083b887254cd2955fb3b7fa81a127?versionId=bbTh4ueZGEIV_0RpOOKlqSQjwfN1_8Kl' into '/mnt/backup/dandi/dandiarchive-replica/000041/sub-BWRat17/sub-BWRat17_ses-BWRat17-121912_ecephys.nwb'
2020-10-08T15:54:17-0400 [INFO    ] backups2datalad.py Syncing asset /sub-BWRat18/sub-BWRat18_ses-BWRat18-020513_ecephys.nwb
2020-10-08T15:54:18-0400 [INFO    ] backups2datalad.py Asset not in dataset; will copy
2020-10-08T15:54:18-0400 [INFO    ] backups2datalad.py cp /mnt/backup/dandi/dandiarchive-s3-backup/girder-assetstore/f4/5a/f45a8f58f9814a95a9fa474125ad766a -> /mnt/backup/dandi/dandiarchive-replica/000041/sub-BWRat18/sub-BWRat18_ses-BWRat18-020513_ecephys.nwb
2020-10-08T15:54:18-0400 [INFO    ] backups2datalad.py Adding asset to dataset
2020-10-08T15:54:36-0400 [INFO    ] backups2datalad.py Adding URL https://dandiarchive.s3.amazonaws.com/girder-assetstore/f4/5a/f45a8f58f9814a95a9fa474125ad766a?versionId=NhCWUG63YO2xD2lXc3rD.xEmb7DVB6zT to asset
2020-10-08T15:54:37-0400 [INFO    ] backups2datalad.py Syncing asset /sub-BWRat19/sub-BWRat19_ses-BWRat19-032413_ecephys.nwb
2020-10-08T15:54:37-0400 [INFO    ] backups2datalad.py Asset not in dataset; will copy
2020-10-08T15:54:37-0400 [INFO    ] backups2datalad.py cp /mnt/backup/dandi/dandiarchive-s3-backup/girder-assetstore/46/82/4682f334cf594560ae4fc7f829fc7d89 -> /mnt/backup/dandi/dandiarchive-replica/000041/sub-BWRat19/sub-BWRat19_ses-BWRat19-032413_ecephys.nwb
2020-10-08T15:54:37-0400 [INFO    ] backups2datalad.py Adding asset to dataset
2020-10-08T15:54:59-0400 [INFO    ] backups2datalad.py Adding URL https://dandiarchive.s3.amazonaws.com/girder-assetstore/46/82/4682f334cf594560ae4fc7f829fc7d89?versionId=H5qXWdBzW4MGp8UWqt.K2Kiqv06FB0W4 to asset
2020-10-08T15:54:59-0400 [INFO    ] backups2datalad.py Syncing asset /sub-BWRat19/sub-BWRat19_ses-BWRat19-032513_ecephys.nwb
2020-10-08T15:54:59-0400 [INFO    ] backups2datalad.py Asset not in dataset; will copy
2020-10-08T15:54:59-0400 [INFO    ] backups2datalad.py Asset not found in assetstore; downloading from https://dandiarchive.s3.amazonaws.com/girder-assetstore/1a/f1/1af122fb1e86403cb0adc66fc9c4e1d6?versionId=twC1aWWMt.9vOpjr_lGkARtEGGv3R2fz
2020-10-08T15:54:59-0400 [INFO    ] datalad.downloaders Downloading 'https://dandiarchive.s3.amazonaws.com/girder-assetstore/1a/f1/1af122fb1e86403cb0adc66fc9c4e1d6?versionId=twC1aWWMt.9vOpjr_lGkARtEGGv3R2fz' into '/mnt/backup/dandi/dandiarchive-replica/000041/sub-BWRat19/sub-BWRat19_ses-BWRat19-032513_ecephys.nwb'
2020-10-08T15:55:58-0400 [INFO    ] backups2datalad.py Syncing asset /sub-BWRat20/sub-BWRat20_ses-BWRat20-101013_ecephys.nwb
2020-10-08T15:55:59-0400 [INFO    ] backups2datalad.py Asset not in dataset; will copy
2020-10-08T15:55:59-0400 [INFO    ] backups2datalad.py Asset not found in assetstore; downloading from https://dandiarchive.s3.amazonaws.com/girder-assetstore/0b/aa/0baa1db226c5423f87640f342215f322?versionId=NTRPec45bvbskd5IC2gr1IByudQ3_ex_
2020-10-08T15:55:59-0400 [INFO    ] datalad.downloaders Downloading 'https://dandiarchive.s3.amazonaws.com/girder-assetstore/0b/aa/0baa1db226c5423f87640f342215f322?versionId=NTRPec45bvbskd5IC2gr1IByudQ3_ex_' into '/mnt/backup/dandi/dandiarchive-replica/000041/sub-BWRat20/sub-BWRat20_ses-BWRat20-101013_ecephys.nwb'
2020-10-08T15:57:42-0400 [INFO    ] backups2datalad.py Syncing asset /sub-BWRat20/sub-BWRat20_ses-BWRat20-101513_ecephys.nwb
2020-10-08T15:57:42-0400 [INFO    ] backups2datalad.py Asset not in dataset; will copy
2020-10-08T15:57:42-0400 [INFO    ] backups2datalad.py Asset not found in assetstore; downloading from https://dandiarchive.s3.amazonaws.com/girder-assetstore/cc/ab/ccabfc7d36fb4f5a9650f49f8775b06c?versionId=4JSZmMwUMsw5c0Y7am8ci1zUp0YnZ.iC
2020-10-08T15:57:42-0400 [INFO    ] datalad.downloaders Downloading 'https://dandiarchive.s3.amazonaws.com/girder-assetstore/cc/ab/ccabfc7d36fb4f5a9650f49f8775b06c?versionId=4JSZmMwUMsw5c0Y7am8ci1zUp0YnZ.iC' into '/mnt/backup/dandi/dandiarchive-replica/000041/sub-BWRat20/sub-BWRat20_ses-BWRat20-101513_ecephys.nwb'
2020-10-08T15:59:45-0400 [INFO    ] backups2datalad.py Syncing asset /sub-BWRat21/sub-BWRat21_ses-BWRat21-121113_ecephys.nwb
2020-10-08T15:59:45-0400 [INFO    ] backups2datalad.py Asset not in dataset; will copy
2020-10-08T15:59:45-0400 [INFO    ] backups2datalad.py Asset not found in assetstore; downloading from https://dandiarchive.s3.amazonaws.com/girder-assetstore/3c/15/3c158747f688475f8a8d1de62abf91b3?versionId=fQkC9XFl9SVp.m6CgjFGN8tDxcYZ9tN6
2020-10-08T15:59:45-0400 [INFO    ] datalad.downloaders Downloading 'https://dandiarchive.s3.amazonaws.com/girder-assetstore/3c/15/3c158747f688475f8a8d1de62abf91b3?versionId=fQkC9XFl9SVp.m6CgjFGN8tDxcYZ9tN6' into '/mnt/backup/dandi/dandiarchive-replica/000041/sub-BWRat21/sub-BWRat21_ses-BWRat21-121113_ecephys.nwb'
2020-10-08T16:02:16-0400 [INFO    ] backups2datalad.py Syncing asset /sub-BWRat21/sub-BWRat21_ses-BWRat21-121613_ecephys.nwb
2020-10-08T16:02:16-0400 [INFO    ] backups2datalad.py Asset not in dataset; will copy
2020-10-08T16:02:16-0400 [INFO    ] backups2datalad.py Asset not found in assetstore; downloading from https://dandiarchive.s3.amazonaws.com/girder-assetstore/a2/8c/a28c431a763347aba7f624a06f7d6b05?versionId=S33slCFtOJ4xDg.foaj8c0RIFnifHnE5
2020-10-08T16:02:16-0400 [INFO    ] datalad.downloaders Downloading 'https://dandiarchive.s3.amazonaws.com/girder-assetstore/a2/8c/a28c431a763347aba7f624a06f7d6b05?versionId=S33slCFtOJ4xDg.foaj8c0RIFnifHnE5' into '/mnt/backup/dandi/dandiarchive-replica/000041/sub-BWRat21/sub-BWRat21_ses-BWRat21-121613_ecephys.nwb'
2020-10-08T16:03:40-0400 [INFO    ] backups2datalad.py Syncing asset /sub-BWRat21/sub-BWRat21_ses-BWRat21-121813_ecephys.nwb
2020-10-08T16:03:40-0400 [INFO    ] backups2datalad.py Asset not in dataset; will copy
2020-10-08T16:03:40-0400 [INFO    ] backups2datalad.py Asset not found in assetstore; downloading from https://dandiarchive.s3.amazonaws.com/girder-assetstore/e1/a6/e1a644cbbba344e1b5d28356706fae08?versionId=pMoD5sTsq.tKh2Kx_et6eqlgyM0f3kfe
2020-10-08T16:03:40-0400 [INFO    ] datalad.downloaders Downloading 'https://dandiarchive.s3.amazonaws.com/girder-assetstore/e1/a6/e1a644cbbba344e1b5d28356706fae08?versionId=pMoD5sTsq.tKh2Kx_et6eqlgyM0f3kfe' into '/mnt/backup/dandi/dandiarchive-replica/000041/sub-BWRat21/sub-BWRat21_ses-BWRat21-121813_ecephys.nwb'
2020-10-08T16:04:55-0400 [INFO    ] backups2datalad.py Syncing asset /sub-Dino/sub-Dino_ses-Dino-061814_ecephys.nwb
2020-10-08T16:04:56-0400 [INFO    ] backups2datalad.py Asset not in dataset; will copy
2020-10-08T16:04:56-0400 [INFO    ] backups2datalad.py Asset not found in assetstore; downloading from https://dandiarchive.s3.amazonaws.com/girder-assetstore/a8/67/a8676131ce324dd6ac43989bdd2aba2c?versionId=Nd9_ewpJdrxakGkuhEiDASSvHjXC_ifu
2020-10-08T16:04:56-0400 [INFO    ] datalad.downloaders Downloading 'https://dandiarchive.s3.amazonaws.com/girder-assetstore/a8/67/a8676131ce324dd6ac43989bdd2aba2c?versionId=Nd9_ewpJdrxakGkuhEiDASSvHjXC_ifu' into '/mnt/backup/dandi/dandiarchive-replica/000041/sub-Dino/sub-Dino_ses-Dino-061814_ecephys.nwb'
2020-10-08T16:07:19-0400 [INFO    ] backups2datalad.py Syncing asset /sub-Dino/sub-Dino_ses-Dino-061914_ecephys.nwb
2020-10-08T16:07:20-0400 [INFO    ] backups2datalad.py Asset not in dataset; will copy
2020-10-08T16:07:20-0400 [INFO    ] backups2datalad.py Asset not found in assetstore; downloading from https://dandiarchive.s3.amazonaws.com/girder-assetstore/40/69/40692a2d1b2c46658bcc5526e549d410?versionId=caF6ScQUiWV3kIdT.4YULIZXWO48p8wY
2020-10-08T16:07:20-0400 [INFO    ] datalad.downloaders Downloading 'https://dandiarchive.s3.amazonaws.com/girder-assetstore/40/69/40692a2d1b2c46658bcc5526e549d410?versionId=caF6ScQUiWV3kIdT.4YULIZXWO48p8wY' into '/mnt/backup/dandi/dandiarchive-replica/000041/sub-Dino/sub-Dino_ses-Dino-061914_ecephys.nwb'
2020-10-08T16:10:46-0400 [INFO    ] backups2datalad.py Syncing asset /sub-Dino/sub-Dino_ses-Dino-062014_ecephys.nwb
2020-10-08T16:10:46-0400 [INFO    ] backups2datalad.py Asset not in dataset; will copy
2020-10-08T16:10:46-0400 [INFO    ] backups2datalad.py Asset not found in assetstore; downloading from https://dandiarchive.s3.amazonaws.com/girder-assetstore/eb/10/eb108e5f2d6a48eab48020ddbf398b86?versionId=iRUD9okISkvRb5pa2TuJyipL4oGjbezV
2020-10-08T16:10:46-0400 [INFO    ] datalad.downloaders Downloading 'https://dandiarchive.s3.amazonaws.com/girder-assetstore/eb/10/eb108e5f2d6a48eab48020ddbf398b86?versionId=iRUD9okISkvRb5pa2TuJyipL4oGjbezV' into '/mnt/backup/dandi/dandiarchive-replica/000041/sub-Dino/sub-Dino_ses-Dino-062014_ecephys.nwb'
2020-10-08T16:15:34-0400 [INFO    ] backups2datalad.py Syncing asset /sub-Dino/sub-Dino_ses-Dino-072114_ecephys.nwb
2020-10-08T16:15:34-0400 [INFO    ] backups2datalad.py Asset not in dataset; will copy
2020-10-08T16:15:34-0400 [INFO    ] backups2datalad.py Asset not found in assetstore; downloading from https://dandiarchive.s3.amazonaws.com/girder-assetstore/23/34/233454fdbdc8478b95ec601a73a01618?versionId=UW9knaTXJC.3kg49Kgg5VkdUUZTLgv1E
2020-10-08T16:15:34-0400 [INFO    ] datalad.downloaders Downloading 'https://dandiarchive.s3.amazonaws.com/girder-assetstore/23/34/233454fdbdc8478b95ec601a73a01618?versionId=UW9knaTXJC.3kg49Kgg5VkdUUZTLgv1E' into '/mnt/backup/dandi/dandiarchive-replica/000041/sub-Dino/sub-Dino_ses-Dino-072114_ecephys.nwb'
2020-10-08T16:19:14-0400 [INFO    ] backups2datalad.py Syncing asset /sub-Dino/sub-Dino_ses-Dino-072314_ecephys.nwb
2020-10-08T16:19:14-0400 [INFO    ] backups2datalad.py Asset not in dataset; will copy
2020-10-08T16:19:14-0400 [INFO    ] backups2datalad.py Asset not found in assetstore; downloading from https://dandiarchive.s3.amazonaws.com/girder-assetstore/b1/37/b137ed18df0c4c2f93bb5863d7df1e03?versionId=lKD2heEtIHIJycb02c2BTd7RoVubqRVF
2020-10-08T16:19:14-0400 [INFO    ] datalad.downloaders Downloading 'https://dandiarchive.s3.amazonaws.com/girder-assetstore/b1/37/b137ed18df0c4c2f93bb5863d7df1e03?versionId=lKD2heEtIHIJycb02c2BTd7RoVubqRVF' into '/mnt/backup/dandi/dandiarchive-replica/000041/sub-Dino/sub-Dino_ses-Dino-072314_ecephys.nwb'
2020-10-08T16:21:50-0400 [INFO    ] backups2datalad.py Syncing asset /sub-Dino/sub-Dino_ses-Dino-072414_ecephys.nwb
2020-10-08T16:21:51-0400 [INFO    ] backups2datalad.py Asset not in dataset; will copy
2020-10-08T16:21:51-0400 [INFO    ] backups2datalad.py Asset not found in assetstore; downloading from https://dandiarchive.s3.amazonaws.com/girder-assetstore/16/e8/16e804fcaa4e4a57b9576100f45039a0?versionId=fBILI8.iLGn_iESt6_G_d3M9OQL84Ana
2020-10-08T16:21:51-0400 [INFO    ] datalad.downloaders Downloading 'https://dandiarchive.s3.amazonaws.com/girder-assetstore/16/e8/16e804fcaa4e4a57b9576100f45039a0?versionId=fBILI8.iLGn_iESt6_G_d3M9OQL84Ana' into '/mnt/backup/dandi/dandiarchive-replica/000041/sub-Dino/sub-Dino_ses-Dino-072414_ecephys.nwb'
2020-10-08T16:24:07-0400 [INFO    ] backups2datalad.py Syncing asset /sub-Rizzo/sub-Rizzo_ses-Rizzo-022615_ecephys.nwb
2020-10-08T16:24:07-0400 [INFO    ] backups2datalad.py Asset not in dataset; will copy
2020-10-08T16:24:07-0400 [INFO    ] backups2datalad.py Asset not found in assetstore; downloading from https://dandiarchive.s3.amazonaws.com/girder-assetstore/bd/f7/bdf7181edf1846619e8bb0cee74f97b6?versionId=k2Qyi8D5yMa0c3LNPMkb7R2RDjgCF0_Z
2020-10-08T16:24:07-0400 [INFO    ] datalad.downloaders Downloading 'https://dandiarchive.s3.amazonaws.com/girder-assetstore/bd/f7/bdf7181edf1846619e8bb0cee74f97b6?versionId=k2Qyi8D5yMa0c3LNPMkb7R2RDjgCF0_Z' into '/mnt/backup/dandi/dandiarchive-replica/000041/sub-Rizzo/sub-Rizzo_ses-Rizzo-022615_ecephys.nwb'
2020-10-08T16:27:52-0400 [INFO    ] backups2datalad.py Syncing asset /sub-Rizzo/sub-Rizzo_ses-Rizzo-022715_ecephys.nwb
2020-10-08T16:27:53-0400 [INFO    ] backups2datalad.py Asset not in dataset; will copy
2020-10-08T16:27:53-0400 [INFO    ] backups2datalad.py Asset not found in assetstore; downloading from https://dandiarchive.s3.amazonaws.com/girder-assetstore/4d/4c/4d4cff78ae834c05917f36367701403b?versionId=KvmjkNXzCEQeroxnjUjhctBFxz62Yu4I
2020-10-08T16:27:53-0400 [INFO    ] datalad.downloaders Downloading 'https://dandiarchive.s3.amazonaws.com/girder-assetstore/4d/4c/4d4cff78ae834c05917f36367701403b?versionId=KvmjkNXzCEQeroxnjUjhctBFxz62Yu4I' into '/mnt/backup/dandi/dandiarchive-replica/000041/sub-Rizzo/sub-Rizzo_ses-Rizzo-022715_ecephys.nwb'
2020-10-08T16:31:35-0400 [INFO    ] backups2datalad.py Syncing asset /sub-Splinter/sub-Splinter_ses-Splinter-020515_ecephys.nwb
2020-10-08T16:31:35-0400 [INFO    ] backups2datalad.py Asset not in dataset; will copy
2020-10-08T16:31:35-0400 [INFO    ] backups2datalad.py Asset not found in assetstore; downloading from https://dandiarchive.s3.amazonaws.com/girder-assetstore/91/10/9110e0ffdb1349d59da07aaa3a17c14d?versionId=YO4FzaZKBIUv6QxcTJnhn2hxZiBZ3x7Q
2020-10-08T16:31:35-0400 [INFO    ] datalad.downloaders Downloading 'https://dandiarchive.s3.amazonaws.com/girder-assetstore/91/10/9110e0ffdb1349d59da07aaa3a17c14d?versionId=YO4FzaZKBIUv6QxcTJnhn2hxZiBZ3x7Q' into '/mnt/backup/dandi/dandiarchive-replica/000041/sub-Splinter/sub-Splinter_ses-Splinter-020515_ecephys.nwb'
2020-10-08T16:34:49-0400 [INFO    ] backups2datalad.py Syncing asset /sub-Splinter/sub-Splinter_ses-Splinter-020915_ecephys.nwb
2020-10-08T16:34:50-0400 [INFO    ] backups2datalad.py Asset not in dataset; will copy
2020-10-08T16:34:50-0400 [INFO    ] backups2datalad.py Asset not found in assetstore; downloading from https://dandiarchive.s3.amazonaws.com/girder-assetstore/db/41/db41bb0005e94523b9568758141025ba?versionId=eJ5mQMsIdFf6AESaaDK9jsBI3WR_Zr9d
2020-10-08T16:34:50-0400 [INFO    ] datalad.downloaders Downloading 'https://dandiarchive.s3.amazonaws.com/girder-assetstore/db/41/db41bb0005e94523b9568758141025ba?versionId=eJ5mQMsIdFf6AESaaDK9jsBI3WR_Zr9d' into '/mnt/backup/dandi/dandiarchive-replica/000041/sub-Splinter/sub-Splinter_ses-Splinter-020915_ecephys.nwb'
2020-10-08T16:37:21-0400 [INFO    ] backups2datalad.py Syncing asset /sub-Templeton/sub-Templeton_ses-Templeton-032415_ecephys.nwb
2020-10-08T16:37:22-0400 [INFO    ] backups2datalad.py Asset not in dataset; will copy
2020-10-08T16:37:22-0400 [INFO    ] backups2datalad.py Asset not found in assetstore; downloading from https://dandiarchive.s3.amazonaws.com/girder-assetstore/16/de/16dec4f5157d446787fe1b01b653fb1a?versionId=6eAjQ9ny_D4fj1xocR6RGaBcqWBwpW2b
2020-10-08T16:37:22-0400 [INFO    ] datalad.downloaders Downloading 'https://dandiarchive.s3.amazonaws.com/girder-assetstore/16/de/16dec4f5157d446787fe1b01b653fb1a?versionId=6eAjQ9ny_D4fj1xocR6RGaBcqWBwpW2b' into '/mnt/backup/dandi/dandiarchive-replica/000041/sub-Templeton/sub-Templeton_ses-Templeton-032415_ecephys.nwb'
2020-10-08T16:40:34-0400 [INFO    ] backups2datalad.py Commiting changes
2020-10-08T16:40:35-0400 [INFO    ] backups2datalad.py Creating GitHub sibling for 000041
2020-10-08T16:40:35-0400 [INFO    ] datalad.support.github_ Successfully obtained information about organization dandisets-testing using None credential
2020-10-08T16:40:38-0400 [INFO    ] datalad.ui.dialog Clear progress bars
2020-10-08T16:40:38-0400 [INFO    ] datalad.ui.dialog Refresh progress bars
2020-10-08T16:40:38-0400 [INFO    ] backups2datalad.py Pushing to sibling
2020-10-08T16:40:38-0400 [INFO    ] datalad.core.distributed.push Determine push target
2020-10-08T16:40:38-0400 [INFO    ] datalad.core.distributed.push Push refspecs
2020-10-08T16:40:38-0400 [INFO    ] datalad.core.distributed.push Transfer data
2020-10-08T16:40:38-0400 [INFO    ] datalad.core.distributed.push Update availability information
2020-10-08T16:40:39-0400 [INFO    ] datalad.gitrepo Start enumerating objects
2020-10-08T16:40:39-0400 [INFO    ] datalad.gitrepo Finished enumerating objects
2020-10-08T16:40:39-0400 [INFO    ] datalad.gitrepo Start counting objects
2020-10-08T16:40:39-0400 [INFO    ] datalad.gitrepo Counting objects:   0% (1/342)
2020-10-08T16:40:39-0400 [INFO    ] datalad.gitrepo Counting objects:   1% (4/342)
2020-10-08T16:40:39-0400 [INFO    ] datalad.gitrepo Counting objects:   2% (7/342)
2020-10-08T16:40:39-0400 [INFO    ] datalad.gitrepo Counting objects:   3% (11/342)
2020-10-08T16:40:39-0400 [INFO    ] datalad.gitrepo Counting objects:   4% (14/342)
2020-10-08T16:40:39-0400 [INFO    ] datalad.gitrepo Counting objects:   5% (18/342)
2020-10-08T16:40:39-0400 [INFO    ] datalad.gitrepo Counting objects:   6% (21/342)
2020-10-08T16:40:39-0400 [INFO    ] datalad.gitrepo Counting objects:   7% (24/342)
2020-10-08T16:40:39-0400 [INFO    ] datalad.gitrepo Counting objects:   8% (28/342)
2020-10-08T16:40:39-0400 [INFO    ] datalad.gitrepo Counting objects:   9% (31/342)
2020-10-08T16:40:39-0400 [INFO    ] datalad.gitrepo Counting objects:  10% (35/342)
2020-10-08T16:40:39-0400 [INFO    ] datalad.gitrepo Counting objects:  11% (38/342)
2020-10-08T16:40:39-0400 [INFO    ] datalad.gitrepo Counting objects:  12% (42/342)
2020-10-08T16:40:39-0400 [INFO    ] datalad.gitrepo Counting objects:  13% (45/342)
2020-10-08T16:40:39-0400 [INFO    ] datalad.gitrepo Counting objects:  14% (48/342)
2020-10-08T16:40:39-0400 [INFO    ] datalad.gitrepo Counting objects:  15% (52/342)
2020-10-08T16:40:39-0400 [INFO    ] datalad.gitrepo Counting objects:  16% (55/342)
2020-10-08T16:40:39-0400 [INFO    ] datalad.gitrepo Counting objects:  17% (59/342)
2020-10-08T16:40:39-0400 [INFO    ] datalad.gitrepo Counting objects:  18% (62/342)
2020-10-08T16:40:39-0400 [INFO    ] datalad.gitrepo Counting objects:  19% (65/342)
2020-10-08T16:40:39-0400 [INFO    ] datalad.gitrepo Counting objects:  20% (69/342)
2020-10-08T16:40:39-0400 [INFO    ] datalad.gitrepo Counting objects:  21% (72/342)
2020-10-08T16:40:39-0400 [INFO    ] datalad.gitrepo Counting objects:  22% (76/342)
2020-10-08T16:40:39-0400 [INFO    ] datalad.gitrepo Counting objects:  23% (79/342)
2020-10-08T16:40:39-0400 [INFO    ] datalad.gitrepo Counting objects:  24% (83/342)
2020-10-08T16:40:39-0400 [INFO    ] datalad.gitrepo Counting objects:  25% (86/342)
2020-10-08T16:40:39-0400 [INFO    ] datalad.gitrepo Counting objects:  26% (89/342)
2020-10-08T16:40:39-0400 [INFO    ] datalad.gitrepo Counting objects:  27% (93/342)
2020-10-08T16:40:39-0400 [INFO    ] datalad.gitrepo Counting objects:  28% (96/342)
2020-10-08T16:40:39-0400 [INFO    ] datalad.gitrepo Counting objects:  29% (100/342)
2020-10-08T16:40:39-0400 [INFO    ] datalad.gitrepo Counting objects:  30% (103/342)
2020-10-08T16:40:39-0400 [INFO    ] datalad.gitrepo Counting objects:  31% (107/342)
2020-10-08T16:40:39-0400 [INFO    ] datalad.gitrepo Counting objects:  32% (110/342)
2020-10-08T16:40:39-0400 [INFO    ] datalad.gitrepo Counting objects:  33% (113/342)
2020-10-08T16:40:39-0400 [INFO    ] datalad.gitrepo Counting objects:  34% (117/342)
2020-10-08T16:40:39-0400 [INFO    ] datalad.gitrepo Counting objects:  35% (120/342)
2020-10-08T16:40:39-0400 [INFO    ] datalad.gitrepo Counting objects:  36% (124/342)
2020-10-08T16:40:39-0400 [INFO    ] datalad.gitrepo Counting objects:  37% (127/342)
2020-10-08T16:40:39-0400 [INFO    ] datalad.gitrepo Counting objects:  38% (130/342)
2020-10-08T16:40:39-0400 [INFO    ] datalad.gitrepo Counting objects:  39% (134/342)
2020-10-08T16:40:39-0400 [INFO    ] datalad.gitrepo Counting objects:  40% (137/342)
2020-10-08T16:40:39-0400 [INFO    ] datalad.gitrepo Counting objects:  41% (141/342)
2020-10-08T16:40:39-0400 [INFO    ] datalad.gitrepo Counting objects:  42% (144/342)
2020-10-08T16:40:39-0400 [INFO    ] datalad.gitrepo Counting objects:  43% (148/342)
2020-10-08T16:40:39-0400 [INFO    ] datalad.gitrepo Counting objects:  44% (151/342)
2020-10-08T16:40:39-0400 [INFO    ] datalad.gitrepo Counting objects:  45% (154/342)
2020-10-08T16:40:39-0400 [INFO    ] datalad.gitrepo Counting objects:  46% (158/342)
2020-10-08T16:40:39-0400 [INFO    ] datalad.gitrepo Counting objects:  47% (161/342)
2020-10-08T16:40:39-0400 [INFO    ] datalad.gitrepo Counting objects:  48% (165/342)
2020-10-08T16:40:39-0400 [INFO    ] datalad.gitrepo Counting objects:  49% (168/342)
2020-10-08T16:40:39-0400 [INFO    ] datalad.gitrepo Counting objects:  50% (171/342)
2020-10-08T16:40:39-0400 [INFO    ] datalad.gitrepo Counting objects:  51% (175/342)
2020-10-08T16:40:39-0400 [INFO    ] datalad.gitrepo Counting objects:  52% (178/342)
2020-10-08T16:40:39-0400 [INFO    ] datalad.gitrepo Counting objects:  53% (182/342)
2020-10-08T16:40:39-0400 [INFO    ] datalad.gitrepo Counting objects:  54% (185/342)
2020-10-08T16:40:39-0400 [INFO    ] datalad.gitrepo Counting objects:  55% (189/342)
2020-10-08T16:40:39-0400 [INFO    ] datalad.gitrepo Counting objects:  56% (192/342)
2020-10-08T16:40:39-0400 [INFO    ] datalad.gitrepo Counting objects:  57% (195/342)
2020-10-08T16:40:39-0400 [INFO    ] datalad.gitrepo Counting objects:  58% (199/342)
2020-10-08T16:40:39-0400 [INFO    ] datalad.gitrepo Counting objects:  59% (202/342)
2020-10-08T16:40:39-0400 [INFO    ] datalad.gitrepo Counting objects:  60% (206/342)
2020-10-08T16:40:39-0400 [INFO    ] datalad.gitrepo Counting objects:  61% (209/342)
2020-10-08T16:40:39-0400 [INFO    ] datalad.gitrepo Counting objects:  62% (213/342)
2020-10-08T16:40:39-0400 [INFO    ] datalad.gitrepo Counting objects:  63% (216/342)
2020-10-08T16:40:39-0400 [INFO    ] datalad.gitrepo Counting objects:  64% (219/342)
2020-10-08T16:40:39-0400 [INFO    ] datalad.gitrepo Counting objects:  65% (223/342)
2020-10-08T16:40:39-0400 [INFO    ] datalad.gitrepo Counting objects:  66% (226/342)
2020-10-08T16:40:39-0400 [INFO    ] datalad.gitrepo Counting objects:  67% (230/342)
2020-10-08T16:40:39-0400 [INFO    ] datalad.gitrepo Counting objects:  68% (233/342)
2020-10-08T16:40:39-0400 [INFO    ] datalad.gitrepo Counting objects:  69% (236/342)
2020-10-08T16:40:39-0400 [INFO    ] datalad.gitrepo Counting objects:  70% (240/342)
2020-10-08T16:40:39-0400 [INFO    ] datalad.gitrepo Counting objects:  71% (243/342)
2020-10-08T16:40:39-0400 [INFO    ] datalad.gitrepo Counting objects:  72% (247/342)
2020-10-08T16:40:39-0400 [INFO    ] datalad.gitrepo Counting objects:  73% (250/342)
2020-10-08T16:40:39-0400 [INFO    ] datalad.gitrepo Counting objects:  74% (254/342)
2020-10-08T16:40:39-0400 [INFO    ] datalad.gitrepo Counting objects:  75% (257/342)
2020-10-08T16:40:39-0400 [INFO    ] datalad.gitrepo Counting objects:  76% (260/342)
2020-10-08T16:40:39-0400 [INFO    ] datalad.gitrepo Counting objects:  77% (264/342)
2020-10-08T16:40:39-0400 [INFO    ] datalad.gitrepo Counting objects:  78% (267/342)
2020-10-08T16:40:39-0400 [INFO    ] datalad.gitrepo Counting objects:  79% (271/342)
2020-10-08T16:40:39-0400 [INFO    ] datalad.gitrepo Counting objects:  80% (274/342)
2020-10-08T16:40:39-0400 [INFO    ] datalad.gitrepo Counting objects:  81% (278/342)
2020-10-08T16:40:39-0400 [INFO    ] datalad.gitrepo Counting objects:  82% (281/342)
2020-10-08T16:40:39-0400 [INFO    ] datalad.gitrepo Counting objects:  83% (284/342)
2020-10-08T16:40:39-0400 [INFO    ] datalad.gitrepo Counting objects:  84% (288/342)
2020-10-08T16:40:39-0400 [INFO    ] datalad.gitrepo Counting objects:  85% (291/342)
2020-10-08T16:40:39-0400 [INFO    ] datalad.gitrepo Counting objects:  86% (295/342)
2020-10-08T16:40:39-0400 [INFO    ] datalad.gitrepo Counting objects:  87% (298/342)
2020-10-08T16:40:39-0400 [INFO    ] datalad.gitrepo Counting objects:  88% (301/342)
2020-10-08T16:40:39-0400 [INFO    ] datalad.gitrepo Counting objects:  89% (305/342)
2020-10-08T16:40:39-0400 [INFO    ] datalad.gitrepo Counting objects:  90% (308/342)
2020-10-08T16:40:39-0400 [INFO    ] datalad.gitrepo Counting objects:  91% (312/342)
2020-10-08T16:40:39-0400 [INFO    ] datalad.gitrepo Counting objects:  92% (315/342)
2020-10-08T16:40:39-0400 [INFO    ] datalad.gitrepo Counting objects:  93% (319/342)
2020-10-08T16:40:39-0400 [INFO    ] datalad.gitrepo Counting objects:  94% (322/342)
2020-10-08T16:40:39-0400 [INFO    ] datalad.gitrepo Counting objects:  95% (325/342)
2020-10-08T16:40:39-0400 [INFO    ] datalad.gitrepo Counting objects:  96% (329/342)
2020-10-08T16:40:39-0400 [INFO    ] datalad.gitrepo Counting objects:  97% (332/342)
2020-10-08T16:40:39-0400 [INFO    ] datalad.gitrepo Counting objects:  98% (336/342)
2020-10-08T16:40:39-0400 [INFO    ] datalad.gitrepo Counting objects:  99% (339/342)
2020-10-08T16:40:39-0400 [INFO    ] datalad.gitrepo Counting objects: 100% (342/342)
2020-10-08T16:40:39-0400 [INFO    ] datalad.gitrepo Counting objects: 100% (342/342), done.
2020-10-08T16:40:39-0400 [INFO    ] datalad.gitrepo Finished counting objects
2020-10-08T16:40:39-0400 [INFO    ] datalad.gitrepo Start compressing objects
2020-10-08T16:40:39-0400 [INFO    ] datalad.gitrepo Compressing objects:   0% (1/295)
2020-10-08T16:40:39-0400 [INFO    ] datalad.gitrepo Compressing objects:   1% (3/295)
2020-10-08T16:40:39-0400 [INFO    ] datalad.gitrepo Compressing objects:   2% (6/295)
2020-10-08T16:40:39-0400 [INFO    ] datalad.gitrepo Compressing objects:   3% (9/295)
2020-10-08T16:40:39-0400 [INFO    ] datalad.gitrepo Compressing objects:   4% (12/295)
2020-10-08T16:40:39-0400 [INFO    ] datalad.gitrepo Compressing objects:   5% (15/295)
2020-10-08T16:40:39-0400 [INFO    ] datalad.gitrepo Compressing objects:   6% (18/295)
2020-10-08T16:40:39-0400 [INFO    ] datalad.gitrepo Compressing objects:   7% (21/295)
2020-10-08T16:40:39-0400 [INFO    ] datalad.gitrepo Compressing objects:   8% (24/295)
2020-10-08T16:40:39-0400 [INFO    ] datalad.gitrepo Compressing objects:   9% (27/295)
2020-10-08T16:40:39-0400 [INFO    ] datalad.gitrepo Compressing objects:  10% (30/295)
2020-10-08T16:40:39-0400 [INFO    ] datalad.gitrepo Compressing objects:  11% (33/295)
2020-10-08T16:40:39-0400 [INFO    ] datalad.gitrepo Compressing objects:  12% (36/295)
2020-10-08T16:40:39-0400 [INFO    ] datalad.gitrepo Compressing objects:  13% (39/295)
2020-10-08T16:40:39-0400 [INFO    ] datalad.gitrepo Compressing objects:  14% (42/295)
2020-10-08T16:40:39-0400 [INFO    ] datalad.gitrepo Compressing objects:  15% (45/295)
2020-10-08T16:40:39-0400 [INFO    ] datalad.gitrepo Compressing objects:  16% (48/295)
2020-10-08T16:40:39-0400 [INFO    ] datalad.gitrepo Compressing objects:  17% (51/295)
2020-10-08T16:40:39-0400 [INFO    ] datalad.gitrepo Compressing objects:  18% (54/295)
2020-10-08T16:40:39-0400 [INFO    ] datalad.gitrepo Compressing objects:  19% (57/295)
2020-10-08T16:40:39-0400 [INFO    ] datalad.gitrepo Compressing objects:  20% (59/295)
2020-10-08T16:40:39-0400 [INFO    ] datalad.gitrepo Compressing objects:  21% (62/295)
2020-10-08T16:40:39-0400 [INFO    ] datalad.gitrepo Compressing objects:  22% (65/295)
2020-10-08T16:40:39-0400 [INFO    ] datalad.gitrepo Compressing objects:  23% (68/295)
2020-10-08T16:40:39-0400 [INFO    ] datalad.gitrepo Compressing objects:  24% (71/295)
2020-10-08T16:40:39-0400 [INFO    ] datalad.gitrepo Compressing objects:  25% (74/295)
2020-10-08T16:40:39-0400 [INFO    ] datalad.gitrepo Compressing objects:  26% (77/295)
2020-10-08T16:40:39-0400 [INFO    ] datalad.gitrepo Compressing objects:  27% (80/295)
2020-10-08T16:40:39-0400 [INFO    ] datalad.gitrepo Compressing objects:  28% (83/295)
2020-10-08T16:40:39-0400 [INFO    ] datalad.gitrepo Compressing objects:  29% (86/295)
2020-10-08T16:40:39-0400 [INFO    ] datalad.gitrepo Compressing objects:  30% (89/295)
2020-10-08T16:40:39-0400 [INFO    ] datalad.gitrepo Compressing objects:  31% (92/295)
2020-10-08T16:40:39-0400 [INFO    ] datalad.gitrepo Compressing objects:  32% (95/295)
2020-10-08T16:40:39-0400 [INFO    ] datalad.gitrepo Compressing objects:  33% (98/295)
2020-10-08T16:40:39-0400 [INFO    ] datalad.gitrepo Compressing objects:  34% (101/295)
2020-10-08T16:40:39-0400 [INFO    ] datalad.gitrepo Compressing objects:  35% (104/295)
2020-10-08T16:40:39-0400 [INFO    ] datalad.gitrepo Compressing objects:  36% (107/295)
2020-10-08T16:40:39-0400 [INFO    ] datalad.gitrepo Compressing objects:  37% (110/295)
2020-10-08T16:40:39-0400 [INFO    ] datalad.gitrepo Compressing objects:  38% (113/295)
2020-10-08T16:40:39-0400 [INFO    ] datalad.gitrepo Compressing objects:  39% (116/295)
2020-10-08T16:40:39-0400 [INFO    ] datalad.gitrepo Compressing objects:  40% (118/295)
2020-10-08T16:40:39-0400 [INFO    ] datalad.gitrepo Compressing objects:  41% (121/295)
2020-10-08T16:40:39-0400 [INFO    ] datalad.gitrepo Compressing objects:  42% (124/295)
2020-10-08T16:40:39-0400 [INFO    ] datalad.gitrepo Compressing objects:  43% (127/295)
2020-10-08T16:40:39-0400 [INFO    ] datalad.gitrepo Compressing objects:  44% (130/295)
2020-10-08T16:40:39-0400 [INFO    ] datalad.gitrepo Compressing objects:  45% (133/295)
2020-10-08T16:40:39-0400 [INFO    ] datalad.gitrepo Compressing objects:  46% (136/295)
2020-10-08T16:40:39-0400 [INFO    ] datalad.gitrepo Compressing objects:  47% (139/295)
2020-10-08T16:40:39-0400 [INFO    ] datalad.gitrepo Compressing objects:  48% (142/295)
2020-10-08T16:40:39-0400 [INFO    ] datalad.gitrepo Compressing objects:  49% (145/295)
2020-10-08T16:40:39-0400 [INFO    ] datalad.gitrepo Compressing objects:  50% (148/295)
2020-10-08T16:40:39-0400 [INFO    ] datalad.gitrepo Compressing objects:  51% (151/295)
2020-10-08T16:40:39-0400 [INFO    ] datalad.gitrepo Compressing objects:  52% (154/295)
2020-10-08T16:40:39-0400 [INFO    ] datalad.gitrepo Compressing objects:  53% (157/295)
2020-10-08T16:40:39-0400 [INFO    ] datalad.gitrepo Compressing objects:  54% (160/295)
2020-10-08T16:40:39-0400 [INFO    ] datalad.gitrepo Compressing objects:  55% (163/295)
2020-10-08T16:40:39-0400 [INFO    ] datalad.gitrepo Compressing objects:  56% (166/295)
2020-10-08T16:40:39-0400 [INFO    ] datalad.gitrepo Compressing objects:  57% (169/295)
2020-10-08T16:40:39-0400 [INFO    ] datalad.gitrepo Compressing objects:  58% (172/295)
2020-10-08T16:40:39-0400 [INFO    ] datalad.gitrepo Compressing objects:  59% (175/295)
2020-10-08T16:40:39-0400 [INFO    ] datalad.gitrepo Compressing objects:  60% (177/295)
2020-10-08T16:40:39-0400 [INFO    ] datalad.gitrepo Compressing objects:  61% (180/295)
2020-10-08T16:40:39-0400 [INFO    ] datalad.gitrepo Compressing objects:  62% (183/295)
2020-10-08T16:40:39-0400 [INFO    ] datalad.gitrepo Compressing objects:  63% (186/295)
2020-10-08T16:40:39-0400 [INFO    ] datalad.gitrepo Compressing objects:  64% (189/295)
2020-10-08T16:40:39-0400 [INFO    ] datalad.gitrepo Compressing objects:  65% (192/295)
2020-10-08T16:40:39-0400 [INFO    ] datalad.gitrepo Compressing objects:  66% (195/295)
2020-10-08T16:40:39-0400 [INFO    ] datalad.gitrepo Compressing objects:  67% (198/295)
2020-10-08T16:40:39-0400 [INFO    ] datalad.gitrepo Compressing objects:  68% (201/295)
2020-10-08T16:40:39-0400 [INFO    ] datalad.gitrepo Compressing objects:  69% (204/295)
2020-10-08T16:40:39-0400 [INFO    ] datalad.gitrepo Compressing objects:  70% (207/295)
2020-10-08T16:40:39-0400 [INFO    ] datalad.gitrepo Compressing objects:  71% (210/295)
2020-10-08T16:40:39-0400 [INFO    ] datalad.gitrepo Compressing objects:  72% (213/295)
2020-10-08T16:40:39-0400 [INFO    ] datalad.gitrepo Compressing objects:  73% (216/295)
2020-10-08T16:40:39-0400 [INFO    ] datalad.gitrepo Compressing objects:  74% (219/295)
2020-10-08T16:40:39-0400 [INFO    ] datalad.gitrepo Compressing objects:  75% (222/295)
2020-10-08T16:40:39-0400 [INFO    ] datalad.gitrepo Compressing objects:  76% (225/295)
2020-10-08T16:40:39-0400 [INFO    ] datalad.gitrepo Compressing objects:  77% (228/295)
2020-10-08T16:40:39-0400 [INFO    ] datalad.gitrepo Compressing objects:  78% (231/295)
2020-10-08T16:40:39-0400 [INFO    ] datalad.gitrepo Compressing objects:  79% (234/295)
2020-10-08T16:40:39-0400 [INFO    ] datalad.gitrepo Compressing objects:  80% (236/295)
2020-10-08T16:40:39-0400 [INFO    ] datalad.gitrepo Compressing objects:  81% (239/295)
2020-10-08T16:40:39-0400 [INFO    ] datalad.gitrepo Compressing objects:  82% (242/295)
2020-10-08T16:40:39-0400 [INFO    ] datalad.gitrepo Compressing objects:  83% (245/295)
2020-10-08T16:40:39-0400 [INFO    ] datalad.gitrepo Compressing objects:  84% (248/295)
2020-10-08T16:40:39-0400 [INFO    ] datalad.gitrepo Compressing objects:  85% (251/295)
2020-10-08T16:40:39-0400 [INFO    ] datalad.gitrepo Compressing objects:  86% (254/295)
2020-10-08T16:40:39-0400 [INFO    ] datalad.gitrepo Compressing objects:  87% (257/295)
2020-10-08T16:40:39-0400 [INFO    ] datalad.gitrepo Compressing objects:  88% (260/295)
2020-10-08T16:40:39-0400 [INFO    ] datalad.gitrepo Compressing objects:  89% (263/295)
2020-10-08T16:40:39-0400 [INFO    ] datalad.gitrepo Compressing objects:  90% (266/295)
2020-10-08T16:40:39-0400 [INFO    ] datalad.gitrepo Compressing objects:  91% (269/295)
2020-10-08T16:40:39-0400 [INFO    ] datalad.gitrepo Compressing objects:  92% (272/295)
2020-10-08T16:40:39-0400 [INFO    ] datalad.gitrepo Compressing objects:  93% (275/295)
2020-10-08T16:40:39-0400 [INFO    ] datalad.gitrepo Compressing objects:  94% (278/295)
2020-10-08T16:40:39-0400 [INFO    ] datalad.gitrepo Compressing objects:  95% (281/295)
2020-10-08T16:40:39-0400 [INFO    ] datalad.gitrepo Compressing objects:  96% (284/295)
2020-10-08T16:40:39-0400 [INFO    ] datalad.gitrepo Compressing objects:  97% (287/295)
2020-10-08T16:40:39-0400 [INFO    ] datalad.gitrepo Compressing objects:  98% (290/295)
2020-10-08T16:40:39-0400 [INFO    ] datalad.gitrepo Compressing objects:  99% (293/295)
2020-10-08T16:40:39-0400 [INFO    ] datalad.gitrepo Compressing objects: 100% (295/295)
2020-10-08T16:40:39-0400 [INFO    ] datalad.gitrepo Compressing objects: 100% (295/295), done.
2020-10-08T16:40:39-0400 [INFO    ] datalad.gitrepo Finished compressing objects
2020-10-08T16:40:39-0400 [INFO    ] datalad.gitrepo Start writing objects
2020-10-08T16:40:39-0400 [INFO    ] datalad.gitrepo Writing objects:   0% (1/342)
2020-10-08T16:40:39-0400 [INFO    ] datalad.gitrepo Writing objects:   1% (4/342)
2020-10-08T16:40:39-0400 [INFO    ] datalad.gitrepo Writing objects:   2% (7/342)
2020-10-08T16:40:39-0400 [INFO    ] datalad.gitrepo Writing objects:   3% (11/342)
2020-10-08T16:40:39-0400 [INFO    ] datalad.gitrepo Writing objects:   4% (14/342)
2020-10-08T16:40:39-0400 [INFO    ] datalad.gitrepo Writing objects:   5% (18/342)
2020-10-08T16:40:39-0400 [INFO    ] datalad.gitrepo Writing objects:   6% (21/342)
2020-10-08T16:40:39-0400 [INFO    ] datalad.gitrepo Writing objects:   7% (24/342)
2020-10-08T16:40:39-0400 [INFO    ] datalad.gitrepo Writing objects:   8% (28/342)
2020-10-08T16:40:39-0400 [INFO    ] datalad.gitrepo Writing objects:   9% (31/342)
2020-10-08T16:40:39-0400 [INFO    ] datalad.gitrepo Writing objects:  10% (35/342)
2020-10-08T16:40:39-0400 [INFO    ] datalad.gitrepo Writing objects:  11% (38/342)
2020-10-08T16:40:39-0400 [INFO    ] datalad.gitrepo Writing objects:  12% (42/342)
2020-10-08T16:40:39-0400 [INFO    ] datalad.gitrepo Writing objects:  13% (45/342)
2020-10-08T16:40:39-0400 [INFO    ] datalad.gitrepo Writing objects:  14% (48/342)
2020-10-08T16:40:39-0400 [INFO    ] datalad.gitrepo Writing objects:  15% (52/342)
2020-10-08T16:40:39-0400 [INFO    ] datalad.gitrepo Writing objects:  16% (55/342)
2020-10-08T16:40:39-0400 [INFO    ] datalad.gitrepo Writing objects:  17% (59/342)
2020-10-08T16:40:39-0400 [INFO    ] datalad.gitrepo Writing objects:  18% (62/342)
2020-10-08T16:40:39-0400 [INFO    ] datalad.gitrepo Writing objects:  19% (65/342)
2020-10-08T16:40:39-0400 [INFO    ] datalad.gitrepo Writing objects:  20% (69/342)
2020-10-08T16:40:39-0400 [INFO    ] datalad.gitrepo Writing objects:  21% (72/342)
2020-10-08T16:40:39-0400 [INFO    ] datalad.gitrepo Writing objects:  22% (76/342)
2020-10-08T16:40:39-0400 [INFO    ] datalad.gitrepo Writing objects:  23% (79/342)
2020-10-08T16:40:39-0400 [INFO    ] datalad.gitrepo Writing objects:  24% (83/342)
2020-10-08T16:40:39-0400 [INFO    ] datalad.gitrepo Writing objects:  25% (86/342)
2020-10-08T16:40:39-0400 [INFO    ] datalad.gitrepo Writing objects:  26% (89/342)
2020-10-08T16:40:39-0400 [INFO    ] datalad.gitrepo Writing objects:  27% (93/342)
2020-10-08T16:40:39-0400 [INFO    ] datalad.gitrepo Writing objects:  28% (96/342)
2020-10-08T16:40:39-0400 [INFO    ] datalad.gitrepo Writing objects:  29% (100/342)
2020-10-08T16:40:39-0400 [INFO    ] datalad.gitrepo Writing objects:  30% (103/342)
2020-10-08T16:40:39-0400 [INFO    ] datalad.gitrepo Writing objects:  31% (107/342)
2020-10-08T16:40:39-0400 [INFO    ] datalad.gitrepo Writing objects:  32% (110/342)
2020-10-08T16:40:39-0400 [INFO    ] datalad.gitrepo Writing objects:  33% (113/342)
2020-10-08T16:40:39-0400 [INFO    ] datalad.gitrepo Writing objects:  34% (117/342)
2020-10-08T16:40:39-0400 [INFO    ] datalad.gitrepo Writing objects:  35% (120/342)
2020-10-08T16:40:39-0400 [INFO    ] datalad.gitrepo Writing objects:  36% (124/342)
2020-10-08T16:40:39-0400 [INFO    ] datalad.gitrepo Writing objects:  37% (127/342)
2020-10-08T16:40:39-0400 [INFO    ] datalad.gitrepo Writing objects:  38% (130/342)
2020-10-08T16:40:39-0400 [INFO    ] datalad.gitrepo Writing objects:  39% (134/342)
2020-10-08T16:40:39-0400 [INFO    ] datalad.gitrepo Writing objects:  40% (137/342)
2020-10-08T16:40:39-0400 [INFO    ] datalad.gitrepo Writing objects:  41% (141/342)
2020-10-08T16:40:39-0400 [INFO    ] datalad.gitrepo Writing objects:  42% (144/342)
2020-10-08T16:40:39-0400 [INFO    ] datalad.gitrepo Writing objects:  43% (148/342)
2020-10-08T16:40:39-0400 [INFO    ] datalad.gitrepo Writing objects:  44% (151/342)
2020-10-08T16:40:39-0400 [INFO    ] datalad.gitrepo Writing objects:  45% (154/342)
2020-10-08T16:40:39-0400 [INFO    ] datalad.gitrepo Writing objects:  46% (158/342)
2020-10-08T16:40:39-0400 [INFO    ] datalad.gitrepo Writing objects:  47% (161/342)
2020-10-08T16:40:39-0400 [INFO    ] datalad.gitrepo Writing objects:  48% (165/342)
2020-10-08T16:40:39-0400 [INFO    ] datalad.gitrepo Writing objects:  49% (168/342)
2020-10-08T16:40:39-0400 [INFO    ] datalad.gitrepo Writing objects:  50% (171/342)
2020-10-08T16:40:39-0400 [INFO    ] datalad.gitrepo Writing objects:  51% (175/342)
2020-10-08T16:40:39-0400 [INFO    ] datalad.gitrepo Writing objects:  52% (178/342)
2020-10-08T16:40:39-0400 [INFO    ] datalad.gitrepo Writing objects:  53% (182/342)
2020-10-08T16:40:39-0400 [INFO    ] datalad.gitrepo Writing objects:  54% (185/342)
2020-10-08T16:40:39-0400 [INFO    ] datalad.gitrepo Writing objects:  55% (189/342)
2020-10-08T16:40:39-0400 [INFO    ] datalad.gitrepo Writing objects:  56% (192/342)
2020-10-08T16:40:39-0400 [INFO    ] datalad.gitrepo Writing objects:  57% (195/342)
2020-10-08T16:40:39-0400 [INFO    ] datalad.gitrepo Writing objects:  58% (199/342)
2020-10-08T16:40:39-0400 [INFO    ] datalad.gitrepo Writing objects:  59% (202/342)
2020-10-08T16:40:39-0400 [INFO    ] datalad.gitrepo Writing objects:  60% (206/342)
2020-10-08T16:40:39-0400 [INFO    ] datalad.gitrepo Writing objects:  61% (209/342)
2020-10-08T16:40:39-0400 [INFO    ] datalad.gitrepo Writing objects:  62% (213/342)
2020-10-08T16:40:39-0400 [INFO    ] datalad.gitrepo Writing objects:  63% (216/342)
2020-10-08T16:40:39-0400 [INFO    ] datalad.gitrepo Writing objects:  64% (219/342)
2020-10-08T16:40:39-0400 [INFO    ] datalad.gitrepo Writing objects:  65% (223/342)
2020-10-08T16:40:39-0400 [INFO    ] datalad.gitrepo Writing objects:  66% (226/342)
2020-10-08T16:40:39-0400 [INFO    ] datalad.gitrepo Writing objects:  67% (230/342)
2020-10-08T16:40:39-0400 [INFO    ] datalad.gitrepo Writing objects:  68% (233/342)
2020-10-08T16:40:39-0400 [INFO    ] datalad.gitrepo Writing objects:  69% (236/342)
2020-10-08T16:40:39-0400 [INFO    ] datalad.gitrepo Writing objects:  70% (240/342)
2020-10-08T16:40:39-0400 [INFO    ] datalad.gitrepo Writing objects:  71% (243/342)
2020-10-08T16:40:39-0400 [INFO    ] datalad.gitrepo Writing objects:  72% (247/342)
2020-10-08T16:40:39-0400 [INFO    ] datalad.gitrepo Writing objects:  73% (250/342)
2020-10-08T16:40:39-0400 [INFO    ] datalad.gitrepo Writing objects:  74% (254/342)
2020-10-08T16:40:39-0400 [INFO    ] datalad.gitrepo Writing objects:  75% (257/342)
2020-10-08T16:40:39-0400 [INFO    ] datalad.gitrepo Writing objects:  76% (260/342)
2020-10-08T16:40:39-0400 [INFO    ] datalad.gitrepo Writing objects:  77% (264/342)
2020-10-08T16:40:39-0400 [INFO    ] datalad.gitrepo Writing objects:  78% (267/342)
2020-10-08T16:40:39-0400 [INFO    ] datalad.gitrepo Writing objects:  79% (271/342)
2020-10-08T16:40:39-0400 [INFO    ] datalad.gitrepo Writing objects:  80% (274/342)
2020-10-08T16:40:39-0400 [INFO    ] datalad.gitrepo Writing objects:  81% (278/342)
2020-10-08T16:40:39-0400 [INFO    ] datalad.gitrepo Writing objects:  82% (281/342)
2020-10-08T16:40:39-0400 [INFO    ] datalad.gitrepo Writing objects:  83% (284/342)
2020-10-08T16:40:39-0400 [INFO    ] datalad.gitrepo Writing objects:  84% (288/342)
2020-10-08T16:40:39-0400 [INFO    ] datalad.gitrepo Writing objects:  85% (291/342)
2020-10-08T16:40:39-0400 [INFO    ] datalad.gitrepo Writing objects:  86% (295/342)
2020-10-08T16:40:39-0400 [INFO    ] datalad.gitrepo Writing objects:  87% (298/342)
2020-10-08T16:40:39-0400 [INFO    ] datalad.gitrepo Writing objects:  88% (301/342)
2020-10-08T16:40:39-0400 [INFO    ] datalad.gitrepo Writing objects:  89% (305/342)
2020-10-08T16:40:39-0400 [INFO    ] datalad.gitrepo Writing objects:  90% (308/342)
2020-10-08T16:40:39-0400 [INFO    ] datalad.gitrepo Writing objects:  91% (312/342)
2020-10-08T16:40:39-0400 [INFO    ] datalad.gitrepo Writing objects:  92% (315/342)
2020-10-08T16:40:39-0400 [INFO    ] datalad.gitrepo Writing objects:  93% (319/342)
2020-10-08T16:40:39-0400 [INFO    ] datalad.gitrepo Writing objects:  94% (322/342)
2020-10-08T16:40:40-0400 [INFO    ] datalad.gitrepo Writing objects:  95% (325/342)
2020-10-08T16:40:40-0400 [INFO    ] datalad.gitrepo Writing objects:  96% (329/342)
2020-10-08T16:40:40-0400 [INFO    ] datalad.gitrepo Writing objects:  97% (332/342)
2020-10-08T16:40:40-0400 [INFO    ] datalad.gitrepo Writing objects:  98% (336/342)
2020-10-08T16:40:40-0400 [INFO    ] datalad.gitrepo Writing objects:  99% (339/342)
2020-10-08T16:40:40-0400 [INFO    ] datalad.gitrepo Writing objects: 100% (342/342)
2020-10-08T16:40:40-0400 [INFO    ] datalad.gitrepo Writing objects: 100% (342/342), 37.29 KiB | 1.69 MiB/s, done.
2020-10-08T16:40:40-0400 [INFO    ] datalad.gitrepo Finished writing objects
2020-10-08T16:40:40-0400 [INFO    ] datalad.gitrepo Start resolving deltas
2020-10-08T16:40:40-0400 [INFO    ] datalad.gitrepo remote: Resolving deltas:   0% (0/89)
2020-10-08T16:40:40-0400 [INFO    ] datalad.gitrepo remote: Resolving deltas:   1% (1/89)
2020-10-08T16:40:40-0400 [INFO    ] datalad.gitrepo remote: Resolving deltas:  26% (24/89)
2020-10-08T16:40:40-0400 [INFO    ] datalad.gitrepo remote: Resolving deltas:  28% (25/89)
2020-10-08T16:40:40-0400 [INFO    ] datalad.gitrepo remote: Resolving deltas:  29% (26/89)
2020-10-08T16:40:40-0400 [INFO    ] datalad.gitrepo remote: Resolving deltas:  30% (27/89)
2020-10-08T16:40:40-0400 [INFO    ] datalad.gitrepo remote: Resolving deltas:  31% (28/89)
2020-10-08T16:40:40-0400 [INFO    ] datalad.gitrepo remote: Resolving deltas:  32% (29/89)
2020-10-08T16:40:40-0400 [INFO    ] datalad.gitrepo remote: Resolving deltas:  33% (30/89)
2020-10-08T16:40:40-0400 [INFO    ] datalad.gitrepo remote: Resolving deltas:  34% (31/89)
2020-10-08T16:40:40-0400 [INFO    ] datalad.gitrepo remote: Resolving deltas:  35% (32/89)
2020-10-08T16:40:40-0400 [INFO    ] datalad.gitrepo remote: Resolving deltas:  37% (33/89)
2020-10-08T16:40:40-0400 [INFO    ] datalad.gitrepo remote: Resolving deltas:  38% (34/89)
2020-10-08T16:40:40-0400 [INFO    ] datalad.gitrepo remote: Resolving deltas:  39% (35/89)
2020-10-08T16:40:40-0400 [INFO    ] datalad.gitrepo remote: Resolving deltas:  40% (36/89)
2020-10-08T16:40:40-0400 [INFO    ] datalad.gitrepo remote: Resolving deltas:  41% (37/89)
2020-10-08T16:40:40-0400 [INFO    ] datalad.gitrepo remote: Resolving deltas:  42% (38/89)
2020-10-08T16:40:40-0400 [INFO    ] datalad.gitrepo remote: Resolving deltas:  43% (39/89)
2020-10-08T16:40:40-0400 [INFO    ] datalad.gitrepo remote: Resolving deltas:  44% (40/89)
2020-10-08T16:40:40-0400 [INFO    ] datalad.gitrepo remote: Resolving deltas:  46% (41/89)
2020-10-08T16:40:40-0400 [INFO    ] datalad.gitrepo remote: Resolving deltas:  47% (42/89)
2020-10-08T16:40:40-0400 [INFO    ] datalad.gitrepo remote: Resolving deltas:  48% (43/89)
2020-10-08T16:40:40-0400 [INFO    ] datalad.gitrepo remote: Resolving deltas:  49% (44/89)
2020-10-08T16:40:40-0400 [INFO    ] datalad.gitrepo remote: Resolving deltas:  50% (45/89)
2020-10-08T16:40:40-0400 [INFO    ] datalad.gitrepo remote: Resolving deltas:  51% (46/89)
2020-10-08T16:40:40-0400 [INFO    ] datalad.gitrepo remote: Resolving deltas:  66% (59/89)
2020-10-08T16:40:40-0400 [INFO    ] datalad.gitrepo remote: Resolving deltas:  67% (60/89)
2020-10-08T16:40:40-0400 [INFO    ] datalad.gitrepo remote: Resolving deltas:  68% (61/89)
2020-10-08T16:40:40-0400 [INFO    ] datalad.gitrepo remote: Resolving deltas:  69% (62/89)
2020-10-08T16:40:40-0400 [INFO    ] datalad.gitrepo remote: Resolving deltas:  70% (63/89)
2020-10-08T16:40:40-0400 [INFO    ] datalad.gitrepo remote: Resolving deltas:  73% (65/89)
2020-10-08T16:40:40-0400 [INFO    ] datalad.gitrepo remote: Resolving deltas:  78% (70/89)
2020-10-08T16:40:40-0400 [INFO    ] datalad.gitrepo remote: Resolving deltas:  79% (71/89)
2020-10-08T16:40:40-0400 [INFO    ] datalad.gitrepo remote: Resolving deltas:  80% (72/89)
2020-10-08T16:40:40-0400 [INFO    ] datalad.gitrepo remote: Resolving deltas:  82% (73/89)
2020-10-08T16:40:40-0400 [INFO    ] datalad.gitrepo remote: Resolving deltas:  98% (88/89)
2020-10-08T16:40:40-0400 [INFO    ] datalad.gitrepo remote: Resolving deltas: 100% (89/89)
2020-10-08T16:40:40-0400 [INFO    ] datalad.gitrepo remote: Resolving deltas: 100% (89/89), done.
2020-10-08T16:40:40-0400 [INFO    ] datalad.gitrepo Finished resolving deltas
2020-10-08T16:40:42-0400 [INFO    ] datalad.core.distributed.push Finished push of Dataset(/mnt/backup/dandi/dandiarchive-replica/000041)
